menudrawer-samples/build/outputs/logs/manifest-merger-debug-report.txt
-- Merging decision tree log ---
manifest
ADDED from menudrawer-samples\AndroidManifest.xml:2:1-62:12
	package
		ADDED from menudrawer-samples\AndroidManifest.xml:3:5-45
	android:versionName
		ADDED from menudrawer-samples\AndroidManifest.xml:5:5-32
		INJECTED from menudrawer-samples\AndroidManifest.xml
		INJECTED from menudrawer-samples\AndroidManifest.xml
	android:versionCode
		ADDED from menudrawer-samples\AndroidManifest.xml:4:5-28
		INJECTED from menudrawer-samples\AndroidManifest.xml
		INJECTED from menudrawer-samples\AndroidManifest.xml
	xmlns:android
		ADDED from menudrawer-samples\AndroidManifest.xml:2:11-69
uses-sdk
ADDED from menudrawer-samples\AndroidManifest.xml:7:5-9:41
MERGED from [Munchoba2:menudrawer:unspecified] AndroidManifest.xml:7:5-9:41
MERGED from [com.actionbarsherlock:actionbarsherlock:4.4.0] AndroidManifest.xml:3:3-70
	android:targetSdkVersion
		ADDED from menudrawer-samples\AndroidManifest.xml:9:9-38
		INJECTED from menudrawer-samples\AndroidManifest.xml
		INJECTED from menudrawer-samples\AndroidManifest.xml
	android:minSdkVersion
		ADDED from menudrawer-samples\AndroidManifest.xml:8:9-34
		INJECTED from menudrawer-samples\AndroidManifest.xml
		INJECTED from menudrawer-samples\AndroidManifest.xml
application
ADDED from menudrawer-samples\AndroidManifest.xml:11:5-60:19
MERGED from [com.actionbarsherlock:actionbarsherlock:4.4.0] AndroidManifest.xml:4:3-17
	android:label
		ADDED from menudrawer-samples\AndroidManifest.xml:12:9-41
	android:supportsRtl
		ADDED from menudrawer-samples\AndroidManifest.xml:15:9-35
	android:icon
		ADDED from menudrawer-samples\AndroidManifest.xml:13:9-45
	android:theme
		ADDED from menudrawer-samples\AndroidManifest.xml:14:9-43
activity#net.simonvt.menudrawer.samples.SamplesActivity
ADDED from menudrawer-samples\AndroidManifest.xml:17:9-26:20
	android:label
		ADDED from menudrawer-samples\AndroidManifest.xml:19:13-45
	android:launchMode
		ADDED from menudrawer-samples\AndroidManifest.xml:20:13-43
	android:name
		ADDED from menudrawer-samples\AndroidManifest.xml:18:13-43
intent-filter#android.intent.action.MAIN+android.intent.category.LAUNCHER
ADDED from menudrawer-samples\AndroidManifest.xml:21:13-25:29
action#android.intent.action.MAIN
ADDED from menudrawer-samples\AndroidManifest.xml:22:17-69
	android:name
		ADDED from menudrawer-samples\AndroidManifest.xml:22:25-66
category#android.intent.category.LAUNCHER
ADDED from menudrawer-samples\AndroidManifest.xml:24:17-77
	android:name
		ADDED from menudrawer-samples\AndroidManifest.xml:24:27-74
activity#net.simonvt.menudrawer.samples.WindowSample
ADDED from menudrawer-samples\AndroidManifest.xml:27:9-80
	android:name
		ADDED from menudrawer-samples\AndroidManifest.xml:27:19-77
activity#net.simonvt.menudrawer.samples.LeftDrawerSample
ADDED from menudrawer-samples\AndroidManifest.xml:28:9-54
	android:name
		ADDED from menudrawer-samples\AndroidManifest.xml:28:19-51
activity#net.simonvt.menudrawer.samples.ListActivitySample
ADDED from menudrawer-samples\AndroidManifest.xml:29:9-86
	android:name
		ADDED from menudrawer-samples\AndroidManifest.xml:29:19-83
activity#net.simonvt.menudrawer.samples.ViewPagerSample
ADDED from menudrawer-samples\AndroidManifest.xml:30:9-83
	android:name
		ADDED from menudrawer-samples\AndroidManifest.xml:30:19-80
activity#net.simonvt.menudrawer.samples.RightDrawerSample
ADDED from menudrawer-samples\AndroidManifest.xml:31:9-33:62
	android:theme
		ADDED from menudrawer-samples\AndroidManifest.xml:33:13-59
	android:name
		ADDED from menudrawer-samples\AndroidManifest.xml:32:13-46
activity#net.simonvt.menudrawer.samples.TopDrawerSample
ADDED from menudrawer-samples\AndroidManifest.xml:34:9-40:20
	android:theme
		ADDED from menudrawer-samples\AndroidManifest.xml:36:13-57
	android:name
		ADDED from menudrawer-samples\AndroidManifest.xml:35:13-44
meta-data#android.support.PARENT_ACTIVITY
ADDED from menudrawer-samples\AndroidManifest.xml:37:13-39:82
	android:value
		ADDED from menudrawer-samples\AndroidManifest.xml:39:17-79
	android:name
		ADDED from menudrawer-samples\AndroidManifest.xml:38:17-63
activity#net.simonvt.menudrawer.samples.BottomDrawerSample
ADDED from menudrawer-samples\AndroidManifest.xml:41:9-43:63
	android:theme
		ADDED from menudrawer-samples\AndroidManifest.xml:43:13-60
	android:name
		ADDED from menudrawer-samples\AndroidManifest.xml:42:13-47
activity#net.simonvt.menudrawer.samples.LayoutSample
ADDED from menudrawer-samples\AndroidManifest.xml:44:9-46:60
	android:theme
		ADDED from menudrawer-samples\AndroidManifest.xml:46:13-57
	android:name
		ADDED from menudrawer-samples\AndroidManifest.xml:45:13-71
activity#net.simonvt.menudrawer.samples.StaticDrawerSample
ADDED from menudrawer-samples\AndroidManifest.xml:47:9-86
	android:name
		ADDED from menudrawer-samples\AndroidManifest.xml:47:19-83
activity#net.simonvt.menudrawer.samples.FragmentSample
ADDED from menudrawer-samples\AndroidManifest.xml:48:9-82
	android:name
		ADDED from menudrawer-samples\AndroidManifest.xml:48:19-79
activity#net.simonvt.menudrawer.samples.ActionBarSherlockSample
ADDED from menudrawer-samples\AndroidManifest.xml:49:9-51:59
	android:theme
		ADDED from menudrawer-samples\AndroidManifest.xml:51:13-56
	android:name
		ADDED from menudrawer-samples\AndroidManifest.xml:50:13-82
activity#net.simonvt.menudrawer.samples.LeftOverlaySample
ADDED from menudrawer-samples\AndroidManifest.xml:52:9-85
	android:name
		ADDED from menudrawer-samples\AndroidManifest.xml:52:19-82
activity#net.simonvt.menudrawer.samples.TopOverlaySample
ADDED from menudrawer-samples\AndroidManifest.xml:53:9-55:60
	android:theme
		ADDED from menudrawer-samples\AndroidManifest.xml:55:13-57
	android:name
		ADDED from menudrawer-samples\AndroidManifest.xml:54:13-75
activity#net.simonvt.menudrawer.samples.RightOverlaySample
ADDED from menudrawer-samples\AndroidManifest.xml:56:9-86
	android:name
		ADDED from menudrawer-samples\AndroidManifest.xml:56:19-83
activity#net.simonvt.menudrawer.samples.BottomOverlaySample
ADDED from menudrawer-samples\AndroidManifest.xml:57:9-59:63
	android:theme
		ADDED from menudrawer-samples\AndroidManifest.xml:59:13-60
	android:name
		ADDED from menudrawer-samples\AndroidManifest.xml:58:13-78